2025-12-18 21:01:38 [main] INFO  server.ServerApp - ========================================
2025-12-18 21:01:38 [main] INFO  server.ServerApp -  Serwer Wypożyczalni DVD (Log4j + Logic)
2025-12-18 21:01:38 [main] INFO  server.ServerApp -  Port: 5000
2025-12-18 21:01:38 [main] INFO  server.ServerApp - ========================================
2025-12-18 21:01:41 [main] INFO  server.ServerApp - Nowe połączenie od: /127.0.0.1
2025-12-18 21:01:41 [Thread-0] INFO  server.ServerApp - [Klient] Komenda: LOGIN;u;u
2025-12-18 21:01:41 [Thread-0] INFO  server.UserRepository - Pomyślne logowanie użytkownika: u (ID: 1)
2025-12-18 21:01:43 [main] INFO  server.ServerApp - Nowe połączenie od: /127.0.0.1
2025-12-18 21:01:43 [Thread-1] INFO  server.ServerApp - [Klient] Komenda: MY_RENTS;1
2025-12-18 21:01:44 [main] INFO  server.ServerApp - Nowe połączenie od: /127.0.0.1
2025-12-18 21:01:44 [Thread-2] INFO  server.ServerApp - [Klient] Komenda: GET_FILMS
2025-12-18 21:01:44 [Thread-2] INFO  server.FilmRepository - Pobrano filmy z bazy.
2025-12-18 21:01:44 [main] INFO  server.ServerApp - Nowe połączenie od: /127.0.0.1
2025-12-18 21:01:44 [Thread-3] INFO  server.ServerApp - [Klient] Komenda: RENT;1;1
2025-12-18 21:01:44 [Thread-3] INFO  server.TransactionRepository - Użytkownik 1 wypożyczył film 1
2025-12-18 21:01:46 [main] INFO  server.ServerApp - Nowe połączenie od: /127.0.0.1
2025-12-18 21:01:46 [Thread-4] INFO  server.ServerApp - [Klient] Komenda: MY_TRANS;1
2025-12-18 21:01:46 [main] INFO  server.ServerApp - Nowe połączenie od: /127.0.0.1
2025-12-18 21:01:46 [Thread-5] INFO  server.ServerApp - [Klient] Komenda: PAY;2;0.0;1
2025-12-18 21:01:46 [Thread-5] INFO  server.TransactionRepository - Auto-zwrot filmu ID: 1 przy płatności.
2025-12-18 21:01:48 [main] INFO  server.ServerApp - Nowe połączenie od: /127.0.0.1
2025-12-18 21:01:48 [Thread-6] INFO  server.ServerApp - [Klient] Komenda: MY_RENTS;1
2025-12-18 21:01:49 [main] INFO  server.ServerApp - Nowe połączenie od: /127.0.0.1
2025-12-18 21:01:49 [Thread-7] INFO  server.ServerApp - [Klient] Komenda: MY_TRANS;1
2025-12-18 21:02:02 [main] INFO  server.FilmRepository - Pobrano filmy z bazy.
2025-12-18 21:02:02 [pool-3-thread-1] INFO  server.ServerApp - [Klient] Komenda: REGISTER;test;test
2025-12-18 21:02:02 [pool-3-thread-1] INFO  server.UserRepository - Utworzono nowego użytkownika: test (ID: 1)
2025-12-18 21:02:02 [pool-3-thread-1] INFO  server.ServerApp - [Klient] Komenda: LOGIN;test;test
2025-12-18 21:02:02 [pool-3-thread-1] INFO  server.UserRepository - Pomyślne logowanie użytkownika: test (ID: 1)
2025-12-18 21:02:02 [pool-3-thread-1] INFO  server.ServerApp - [Klient] Komenda: GET_FILMS
2025-12-18 21:02:02 [pool-3-thread-1] INFO  server.FilmRepository - Pobrano filmy z bazy.
2025-12-18 21:02:02 [main] INFO  server.UserRepository - Utworzono nowego użytkownika: klient1 (ID: 1)
2025-12-18 21:02:02 [main] INFO  server.UserRepository - Pomyślne logowanie użytkownika: klient1 (ID: 1)
2025-12-18 21:02:02 [main] INFO  server.TransactionRepository - Użytkownik 1 wypożyczył film 1
2025-12-18 21:02:02 [main] INFO  server.UserRepository - Utworzono nowego użytkownika: klient1 (ID: 1)
2025-12-18 21:02:02 [main] INFO  server.UserRepository - Pomyślne logowanie użytkownika: klient1 (ID: 1)
2025-12-18 21:02:02 [main] INFO  server.TransactionRepository - Użytkownik 1 wypożyczył film 1
2025-12-18 21:02:02 [main] INFO  server.UserRepository - Utworzono nowego użytkownika: klient1 (ID: 1)
2025-12-18 21:02:02 [main] INFO  server.UserRepository - Pomyślne logowanie użytkownika: klient1 (ID: 1)
2025-12-18 21:02:02 [main] INFO  server.TransactionRepository - Użytkownik 1 wypożyczył film 1
2025-12-18 21:02:02 [main] INFO  server.TransactionRepository - Auto-zwrot filmu ID: 1 przy płatności.
2025-12-18 21:02:02 [main] INFO  server.FilmRepository - Pobrano filmy z bazy.
2025-12-18 21:02:02 [main] INFO  server.UserRepository - Utworzono nowego użytkownika: testuser (ID: 1)
2025-12-18 21:02:02 [main] INFO  server.UserRepository - Nieudana rejestracja: użytkownik testuser już istnieje.
2025-12-18 21:02:02 [main] INFO  server.UserRepository - Utworzono nowego użytkownika: testuser (ID: 1)
2025-12-18 21:02:02 [main] INFO  server.UserRepository - Utworzono nowego użytkownika: nowy (ID: 2)
2025-12-18 21:02:02 [main] INFO  server.UserRepository - Utworzono nowego użytkownika: testuser (ID: 1)
2025-12-18 21:02:02 [main] INFO  server.UserRepository - Pomyślne logowanie użytkownika: testuser (ID: 1)
2025-12-18 21:02:02 [main] INFO  server.UserRepository - Utworzono nowego użytkownika: testuser (ID: 1)
2025-12-18 21:02:02 [main] WARN  server.UserRepository - Nieudana próba logowania dla użytkownika: testuser
